2025-06-08 07:19:11 - Admin logged in
2025-06-08 07:19:34 - Added new user: 1234
2025-06-08 07:19:37 - Accepted user 1234 (ID: 878c60b8-a253-474c-b2ec-af2b853dbddb)
2025-06-08 07:25:34 - Admin logged in
2025-06-12 15:13:04 - Admin logged in
2025-06-16 14:00:44 - Admin logged in
2025-06-16 14:01:52 - Added new user: arun
2025-06-16 14:02:06 - Accepted user arun (ID: 6dbe9221-1bfc-4244-ad9d-1ad5ef3cc278)
2025-06-16 21:04:00 - Admin logged in
2025-06-19 07:18:24 - Admin logged in
2025-06-19 07:19:37 - Added new user: arun2
2025-06-19 07:19:45 - Accepted user arun2 (ID: 66d27357-e2c1-463a-95b6-da74b615c19b)
2025-06-19 07:20:59 - Admin logged in
2025-06-19 07:21:43 - Added new user: q1
2025-06-19 07:21:47 - Accepted user q1 (ID: 6fc88ae9-d883-488f-a614-894de687acd0)
2025-06-21 19:58:28 - Admin logged in
2025-07-04 09:32:58 - Admin logged in
2025-07-16 13:22:37 - Admin logged in
2025-07-16 13:25:58 - Added new user: zx1
2025-07-16 13:26:02 - Accepted user zx1 (ID: 290d29d1-f8c6-4412-8d20-af32fc9259d6)
